# JRE version: OpenJDK Runtime Environment (17.0.7) (build 17.0.7+0-b2043.56-10550314)
# Java VM: OpenJDK 64-Bit Server VM (17.0.7+0-b2043.56-10550314, mixed mode, tiered, compressed oops, compressed class ptrs, g1 gc, windows-amd64)
GC Precious Log:
 CPUs: 8 total, 8 available
 Memory: 7806M
 Large Page Support: Disabled
 NUMA Support: Disabled
 Compressed Oops: Enabled (32-bit)
 Heap Region Size: 1M
 Heap Min Capacity: 8M
 Heap Initial Capacity: 122M
 Heap Max Capacity: 2G
 Pre-touch: Disabled
 Parallel Workers: 8
 Concurrent Workers: 2
 Concurrent Refinement Workers: 8
 Periodic GC: Disabled
Heap:
 garbage-first heap   total 337920K, used 231181K [0x0000000080000000, 0x0000000100000000)
  region size 1024K, 130 young (133120K), 0 survivors (0K)
 Metaspace       used 129359K, committed 130624K, reserved 1179648K
  class space    used 16977K, committed 17600K, reserved 1048576K
GC Heap History (20 events):
Event: 1314.564 GC heap before
{Heap before GC invocations=42 (full 0):
 garbage-first heap   total 408576K, used 335161K [0x0000000080000000, 0x0000000100000000)
  region size 1024K, 199 young (203776K), 11 survivors (11264K)
 Metaspace       used 122243K, committed 123328K, reserved 1179648K
  class space    used 16162K, committed 16704K, reserved 1048576K
}
Event: 1314.627 GC heap after
{Heap after GC invocations=43 (full 0):
 garbage-first heap   total 408576K, used 151865K [0x0000000080000000, 0x0000000100000000)
  region size 1024K, 19 young (19456K), 19 survivors (19456K)
 Metaspace       used 122243K, committed 123328K, reserved 1179648K
  class space    used 16162K, committed 16704K, reserved 1048576K
}
Event: 1598.813 GC heap before
{Heap before GC invocations=43 (full 0):
 garbage-first heap   total 408576K, used 334136K [0x0000000080000000, 0x0000000100000000)
  region size 1024K, 198 young (202752K), 19 survivors (19456K)
 Metaspace       used 122835K, committed 123968K, reserved 1179648K
  class space    used 16213K, committed 16768K, reserved 1048576K
}
Event: 1598.851 GC heap after
{Heap after GC invocations=44 (full 0):
 garbage-first heap   total 408576K, used 152094K [0x0000000080000000, 0x0000000100000000)
  region size 1024K, 13 young (13312K), 13 survivors (13312K)
 Metaspace       used 122835K, committed 123968K, reserved 1179648K
  class space    used 16213K, committed 16768K, reserved 1048576K
}
Event: 1651.020 GC heap before
{Heap before GC invocations=44 (full 0):
 garbage-first heap   total 408576K, used 334366K [0x0000000080000000, 0x0000000100000000)
  region size 1024K, 192 young (196608K), 13 survivors (13312K)
 Metaspace       used 123835K, committed 125184K, reserved 1179648K
  class space    used 16365K, committed 17024K, reserved 1048576K
}
Event: 1651.035 GC heap after
{Heap after GC invocations=45 (full 0):
 garbage-first heap   total 408576K, used 153632K [0x0000000080000000, 0x0000000100000000)
  region size 1024K, 15 young (15360K), 15 survivors (15360K)
 Metaspace       used 123835K, committed 125184K, reserved 1179648K
  class space    used 16365K, committed 17024K, reserved 1048576K
}
Event: 1688.908 GC heap before
{Heap before GC invocations=45 (full 0):
 garbage-first heap   total 408576K, used 330784K [0x0000000080000000, 0x0000000100000000)
  region size 1024K, 189 young (193536K), 15 survivors (15360K)
 Metaspace       used 124130K, committed 125440K, reserved 1179648K
  class space    used 16375K, committed 17024K, reserved 1048576K
}
Event: 1688.916 GC heap after
{Heap after GC invocations=46 (full 0):
 garbage-first heap   total 408576K, used 144005K [0x0000000080000000, 0x0000000100000000)
  region size 1024K, 4 young (4096K), 4 survivors (4096K)
 Metaspace       used 124130K, committed 125440K, reserved 1179648K
  class space    used 16375K, committed 17024K, reserved 1048576K
}
Event: 3402.178 GC heap before
{Heap before GC invocations=46 (full 0):
 garbage-first heap   total 408576K, used 337541K [0x0000000080000000, 0x0000000100000000)
  region size 1024K, 194 young (198656K), 4 survivors (4096K)
 Metaspace       used 124685K, committed 126080K, reserved 1179648K
  class space    used 16448K, committed 17152K, reserved 1048576K
}
Event: 3402.231 GC heap after
{Heap after GC invocations=47 (full 0):
 garbage-first heap   total 408576K, used 141935K [0x0000000080000000, 0x0000000100000000)
  region size 1024K, 2 young (2048K), 2 survivors (2048K)
 Metaspace       used 124685K, committed 126080K, reserved 1179648K
  class space    used 16448K, committed 17152K, reserved 1048576K
}
Event: 3615.306 GC heap before
{Heap before GC invocations=47 (full 0):
 garbage-first heap   total 408576K, used 146031K [0x0000000080000000, 0x0000000100000000)
  region size 1024K, 7 young (7168K), 2 survivors (2048K)
 Metaspace       used 124702K, committed 126080K, reserved 1179648K
  class space    used 16448K, committed 17152K, reserved 1048576K
}
Event: 3615.583 GC heap after
{Heap after GC invocations=48 (full 1):
 garbage-first heap   total 348160K, used 99470K [0x0000000080000000, 0x0000000100000000)
  region size 1024K, 0 young (0K), 0 survivors (0K)
 Metaspace       used 124291K, committed 126080K, reserved 1179648K
  class space    used 16354K, committed 17152K, reserved 1048576K
}
Event: 7215.603 GC heap before
{Heap before GC invocations=48 (full 1):
 garbage-first heap   total 348160K, used 163982K [0x0000000080000000, 0x0000000100000000)
  region size 1024K, 65 young (66560K), 0 survivors (0K)
 Metaspace       used 124320K, committed 126080K, reserved 1179648K
  class space    used 16359K, committed 17152K, reserved 1048576K
}
Event: 7215.897 GC heap after
{Heap after GC invocations=49 (full 2):
 garbage-first heap   total 337920K, used 98203K [0x0000000080000000, 0x0000000100000000)
  region size 1024K, 0 young (0K), 0 survivors (0K)
 Metaspace       used 124126K, committed 126080K, reserved 1179648K
  class space    used 16321K, committed 17152K, reserved 1048576K
}
Event: 8173.880 GC heap before
{Heap before GC invocations=49 (full 2):
 garbage-first heap   total 337920K, used 277403K [0x0000000080000000, 0x0000000100000000)
  region size 1024K, 176 young (180224K), 0 survivors (0K)
 Metaspace       used 124510K, committed 126208K, reserved 1179648K
  class space    used 16367K, committed 17152K, reserved 1048576K
}
Event: 8173.916 GC heap after
{Heap after GC invocations=50 (full 2):
 garbage-first heap   total 337920K, used 112423K [0x0000000080000000, 0x0000000100000000)
  region size 1024K, 14 young (14336K), 14 survivors (14336K)
 Metaspace       used 124510K, committed 126208K, reserved 1179648K
  class space    used 16367K, committed 17152K, reserved 1048576K
}
Event: 8192.979 GC heap before
{Heap before GC invocations=50 (full 2):
 garbage-first heap   total 337920K, used 272167K [0x0000000080000000, 0x0000000100000000)
  region size 1024K, 171 young (175104K), 14 survivors (14336K)
 Metaspace       used 124785K, committed 126208K, reserved 1179648K
  class space    used 16386K, committed 17152K, reserved 1048576K
}
Event: 8193.030 GC heap after
{Heap after GC invocations=51 (full 2):
 garbage-first heap   total 337920K, used 122756K [0x0000000080000000, 0x0000000100000000)
  region size 1024K, 13 young (13312K), 13 survivors (13312K)
 Metaspace       used 124785K, committed 126208K, reserved 1179648K
  class space    used 16386K, committed 17152K, reserved 1048576K
}
Event: 10815.945 GC heap before
{Heap before GC invocations=51 (full 2):
 garbage-first heap   total 337920K, used 211844K [0x0000000080000000, 0x0000000100000000)
  region size 1024K, 101 young (103424K), 13 survivors (13312K)
 Metaspace       used 124811K, committed 126208K, reserved 1179648K
  class space    used 16386K, committed 17152K, reserved 1048576K
}
Event: 10816.660 GC heap after
{Heap after GC invocations=52 (full 3):
 garbage-first heap   total 337920K, used 100109K [0x0000000080000000, 0x0000000100000000)
  region size 1024K, 0 young (0K), 0 survivors (0K)
 Metaspace       used 124794K, committed 126208K, reserved 1179648K
  class space    used 16382K, committed 17152K, reserved 1048576K
}

